This is pdfTeX, Version 3.141592653-2.6-1.40.22 (MiKTeX 21.6) (preloaded format=pdflatex 2021.8.30)  3 OCT 2021 20:00
entering extended mode
**./pscc2022_template_revAmauri.tex
(pscc2022_template_revAmauri.tex
LaTeX2e <2021-06-01>
L3 programming layer <2021-06-01> (IEEEtran4PSCC.cls
Document Class: IEEEtran4PSCC 2014/02/28 by PSCC, mostly based on IEEEtran late
x package (V1.8a) by Michael Shell
-- For extra information than those provided in the PSCC template, please refer
 to the original "IEEEtran_HOWTO" manual for usage information.
\@IEEEtrantmpdimenA=\dimen138
\@IEEEtrantmpdimenB=\dimen139
\@IEEEtrantmpdimenC=\dimen140
\@IEEEtrantmpcountA=\count182
\@IEEEtrantmpcountB=\count183
\@IEEEtrantmpcountC=\count184
\@IEEEtrantmptoksA=\toks16
LaTeX Font Info:    Trying to load font information for OT1+ptm on input line 4
53.
(C:\Users\caiom\AppData\Roaming\MiKTeX\tex/latex/psnfss\ot1ptm.fd
File: ot1ptm.fd 2001/06/04 font definitions for OT1/ptm.
)
-- Using 8.5in x 11in (letter) paper.
-- Using PDF output.
\@IEEEnormalsizeunitybaselineskip=\dimen141
-- This is a 10 point document.
\CLASSINFOnormalsizebaselineskip=\dimen142
\CLASSINFOnormalsizeunitybaselineskip=\dimen143
\IEEEnormaljot=\dimen144
LaTeX Font Info:    Font shape `OT1/ptm/bx/n' in size <5> not available
(Font)              Font shape `OT1/ptm/b/n' tried instead on input line 1022.
LaTeX Font Info:    Font shape `OT1/ptm/bx/it' in size <5> not available
(Font)              Font shape `OT1/ptm/b/it' tried instead on input line 1022.

LaTeX Font Info:    Font shape `OT1/ptm/bx/n' in size <7> not available
(Font)              Font shape `OT1/ptm/b/n' tried instead on input line 1022.
LaTeX Font Info:    Font shape `OT1/ptm/bx/it' in size <7> not available
(Font)              Font shape `OT1/ptm/b/it' tried instead on input line 1022.

LaTeX Font Info:    Font shape `OT1/ptm/bx/n' in size <8> not available
(Font)              Font shape `OT1/ptm/b/n' tried instead on input line 1022.
LaTeX Font Info:    Font shape `OT1/ptm/bx/it' in size <8> not available
(Font)              Font shape `OT1/ptm/b/it' tried instead on input line 1022.

LaTeX Font Info:    Font shape `OT1/ptm/bx/n' in size <9> not available
(Font)              Font shape `OT1/ptm/b/n' tried instead on input line 1022.
LaTeX Font Info:    Font shape `OT1/ptm/bx/it' in size <9> not available
(Font)              Font shape `OT1/ptm/b/it' tried instead on input line 1022.

LaTeX Font Info:    Font shape `OT1/ptm/bx/n' in size <10> not available
(Font)              Font shape `OT1/ptm/b/n' tried instead on input line 1022.
LaTeX Font Info:    Font shape `OT1/ptm/bx/it' in size <10> not available
(Font)              Font shape `OT1/ptm/b/it' tried instead on input line 1022.

LaTeX Font Info:    Font shape `OT1/ptm/bx/n' in size <11> not available
(Font)              Font shape `OT1/ptm/b/n' tried instead on input line 1022.
LaTeX Font Info:    Font shape `OT1/ptm/bx/it' in size <11> not available
(Font)              Font shape `OT1/ptm/b/it' tried instead on input line 1022.

LaTeX Font Info:    Font shape `OT1/ptm/bx/n' in size <12> not available
(Font)              Font shape `OT1/ptm/b/n' tried instead on input line 1022.
LaTeX Font Info:    Font shape `OT1/ptm/bx/it' in size <12> not available
(Font)              Font shape `OT1/ptm/b/it' tried instead on input line 1022.

LaTeX Font Info:    Font shape `OT1/ptm/bx/n' in size <17> not available
(Font)              Font shape `OT1/ptm/b/n' tried instead on input line 1022.
LaTeX Font Info:    Font shape `OT1/ptm/bx/it' in size <17> not available
(Font)              Font shape `OT1/ptm/b/it' tried instead on input line 1022.

LaTeX Font Info:    Font shape `OT1/ptm/bx/n' in size <20> not available
(Font)              Font shape `OT1/ptm/b/n' tried instead on input line 1022.
LaTeX Font Info:    Font shape `OT1/ptm/bx/it' in size <20> not available
(Font)              Font shape `OT1/ptm/b/it' tried instead on input line 1022.

LaTeX Font Info:    Font shape `OT1/ptm/bx/n' in size <24> not available
(Font)              Font shape `OT1/ptm/b/n' tried instead on input line 1022.
LaTeX Font Info:    Font shape `OT1/ptm/bx/it' in size <24> not available
(Font)              Font shape `OT1/ptm/b/it' tried instead on input line 1022.

\IEEEquantizedlength=\dimen145
\IEEEquantizedlengthdiff=\dimen146
\IEEEquantizedtextheightdiff=\dimen147
\IEEEilabelindentA=\dimen148
\IEEEilabelindentB=\dimen149
\IEEEilabelindent=\dimen150
\IEEEelabelindent=\dimen151
\IEEEdlabelindent=\dimen152
\IEEElabelindent=\dimen153
\IEEEiednormlabelsep=\dimen154
\IEEEiedmathlabelsep=\dimen155
\IEEEiedtopsep=\skip47
\c@section=\count185
\c@subsection=\count186
\c@subsubsection=\count187
\c@paragraph=\count188
\c@IEEEsubequation=\count189
\abovecaptionskip=\skip48
\belowcaptionskip=\skip49
\c@figure=\count190
\c@table=\count191
\@IEEEeqnnumcols=\count192
\@IEEEeqncolcnt=\count193
\@IEEEsubeqnnumrollback=\count194
\@IEEEquantizeheightA=\dimen156
\@IEEEquantizeheightB=\dimen157
\@IEEEquantizeheightC=\dimen158
\@IEEEquantizeprevdepth=\dimen159
\@IEEEquantizemultiple=\count195
\@IEEEquantizeboxA=\box50
\@IEEEtmpitemindent=\dimen160
\c@IEEEbiography=\count196
\@IEEEtranrubishbin=\box51
) (C:\Program Files\MiKTeX\tex/latex/graphics\graphicx.sty
Package: graphicx 2020/12/05 v1.2c Enhanced LaTeX Graphics (DPC,SPQR)

(C:\Program Files\MiKTeX\tex/latex/graphics\keyval.sty
Package: keyval 2014/10/28 v1.15 key=value parser (DPC)
\KV@toks@=\toks17
)
(C:\Program Files\MiKTeX\tex/latex/graphics\graphics.sty
Package: graphics 2021/03/04 v1.4d Standard LaTeX Graphics (DPC,SPQR)

(C:\Program Files\MiKTeX\tex/latex/graphics\trig.sty
Package: trig 2016/01/03 v1.10 sin cos tan (DPC)
)
(C:\Program Files\MiKTeX\tex/latex/graphics-cfg\graphics.cfg
File: graphics.cfg 2016/06/04 v1.11 sample graphics configuration
)
Package graphics Info: Driver file: pdftex.def on input line 107.

(C:\Program Files\MiKTeX\tex/latex/graphics-def\pdftex.def
File: pdftex.def 2020/10/05 v1.2a Graphics/color driver for pdftex
))
\Gin@req@height=\dimen161
\Gin@req@width=\dimen162
)
(C:\Program Files\MiKTeX\tex/latex/amsmath\amsmath.sty
Package: amsmath 2021/04/20 v2.17j AMS math features
\@mathmargin=\skip50

For additional information on amsmath, use the `?' option.
(C:\Program Files\MiKTeX\tex/latex/amsmath\amstext.sty
Package: amstext 2000/06/29 v2.01 AMS text

(C:\Program Files\MiKTeX\tex/latex/amsmath\amsgen.sty
File: amsgen.sty 1999/11/30 v2.0 generic functions
\@emptytoks=\toks18
\ex@=\dimen163
))
(C:\Program Files\MiKTeX\tex/latex/amsmath\amsbsy.sty
Package: amsbsy 1999/11/29 v1.2d Bold Symbols
\pmbraise@=\dimen164
)
(C:\Program Files\MiKTeX\tex/latex/amsmath\amsopn.sty
Package: amsopn 2016/03/08 v2.02 operator names
)
\inf@bad=\count197
LaTeX Info: Redefining \frac on input line 234.
\uproot@=\count198
\leftroot@=\count199
LaTeX Info: Redefining \overline on input line 399.
\classnum@=\count266
\DOTSCASE@=\count267
LaTeX Info: Redefining \ldots on input line 496.
LaTeX Info: Redefining \dots on input line 499.
LaTeX Info: Redefining \cdots on input line 620.
\Mathstrutbox@=\box52
\strutbox@=\box53
\big@size=\dimen165
LaTeX Font Info:    Redeclaring font encoding OML on input line 743.
LaTeX Font Info:    Redeclaring font encoding OMS on input line 744.
\macc@depth=\count268
\c@MaxMatrixCols=\count269
\dotsspace@=\muskip16
\c@parentequation=\count270
\dspbrk@lvl=\count271
\tag@help=\toks19
\row@=\count272
\column@=\count273
\maxfields@=\count274
\andhelp@=\toks20
\eqnshift@=\dimen166
\alignsep@=\dimen167
\tagshift@=\dimen168
\tagwidth@=\dimen169
\totwidth@=\dimen170
\lineht@=\dimen171
\@envbody=\toks21
\multlinegap=\skip51
\multlinetaggap=\skip52
\mathdisplay@stack=\toks22
LaTeX Info: Redefining \[ on input line 2923.
LaTeX Info: Redefining \] on input line 2924.
)
(C:\Program Files\MiKTeX\tex/latex/xcolor\xcolor.sty
Package: xcolor 2016/05/11 v2.12 LaTeX color extensions (UK)

(C:\Program Files\MiKTeX\tex/latex/graphics-cfg\color.cfg
File: color.cfg 2016/01/02 v1.6 sample color configuration
)
Package xcolor Info: Driver file: pdftex.def on input line 225.
Package xcolor Info: Model `cmy' substituted by `cmy0' on input line 1348.
Package xcolor Info: Model `hsb' substituted by `rgb' on input line 1352.
Package xcolor Info: Model `RGB' extended on input line 1364.
Package xcolor Info: Model `HTML' substituted by `rgb' on input line 1366.
Package xcolor Info: Model `Hsb' substituted by `hsb' on input line 1367.
Package xcolor Info: Model `tHsb' substituted by `hsb' on input line 1368.
Package xcolor Info: Model `HSB' substituted by `hsb' on input line 1369.
Package xcolor Info: Model `Gray' substituted by `gray' on input line 1370.
Package xcolor Info: Model `wave' substituted by `hsb' on input line 1371.
)
(C:\Program Files\MiKTeX\tex/latex/hyperref\hyperref.sty
Package: hyperref 2021-06-05 v7.00l Hypertext links for LaTeX

(C:\Users\caiom\AppData\Roaming\MiKTeX\tex/generic/ltxcmds\ltxcmds.sty
Package: ltxcmds 2020-05-10 v1.25 LaTeX kernel commands for general use (HO)
)
(C:\Program Files\MiKTeX\tex/generic/iftex\iftex.sty
Package: iftex 2020/03/06 v1.0d TeX engine tests
)
(C:\Program Files\MiKTeX\tex/generic/pdftexcmds\pdftexcmds.sty
Package: pdftexcmds 2020-06-27 v0.33 Utility functions of pdfTeX for LuaTeX (HO
)

(C:\Users\caiom\AppData\Roaming\MiKTeX\tex/generic/infwarerr\infwarerr.sty
Package: infwarerr 2019/12/03 v1.5 Providing info/warning/error messages (HO)
)
Package pdftexcmds Info: \pdf@primitive is available.
Package pdftexcmds Info: \pdf@ifprimitive is available.
Package pdftexcmds Info: \pdfdraftmode found.
)
(C:\Users\caiom\AppData\Roaming\MiKTeX\tex/generic/kvsetkeys\kvsetkeys.sty
Package: kvsetkeys 2019/12/15 v1.18 Key value parser (HO)
)
(C:\Users\caiom\AppData\Roaming\MiKTeX\tex/generic/kvdefinekeys\kvdefinekeys.st
y
Package: kvdefinekeys 2019-12-19 v1.6 Define keys (HO)
) (C:\Users\caiom\AppData\Roaming\MiKTeX\tex/generic/pdfescape\pdfescape.sty
Package: pdfescape 2019/12/09 v1.15 Implements pdfTeX's escape features (HO)
)
(C:\Users\caiom\AppData\Roaming\MiKTeX\tex/latex/hycolor\hycolor.sty
Package: hycolor 2020-01-27 v1.10 Color options for hyperref/bookmark (HO)
)
(C:\Users\caiom\AppData\Roaming\MiKTeX\tex/latex/letltxmacro\letltxmacro.sty
Package: letltxmacro 2019/12/03 v1.6 Let assignment for LaTeX macros (HO)
)
(C:\Users\caiom\AppData\Roaming\MiKTeX\tex/latex/auxhook\auxhook.sty
Package: auxhook 2019-12-17 v1.6 Hooks for auxiliary files (HO)
)
(C:\Users\caiom\AppData\Roaming\MiKTeX\tex/latex/kvoptions\kvoptions.sty
Package: kvoptions 2020-10-07 v3.14 Key value format for package options (HO)
)
\@linkdim=\dimen172
\Hy@linkcounter=\count275
\Hy@pagecounter=\count276

(C:\Program Files\MiKTeX\tex/latex/hyperref\pd1enc.def
File: pd1enc.def 2021-06-05 v7.00l Hyperref: PDFDocEncoding definition (HO)
Now handling font encoding PD1 ...
... no UTF-8 mapping file for font encoding PD1
)
(C:\Program Files\MiKTeX\tex/latex/hyperref\hyperref-langpatches.def
File: hyperref-langpatches.def 2021-06-05 v7.00l Hyperref: patches for babel la
nguages
)
(C:\Users\caiom\AppData\Roaming\MiKTeX\tex/generic/intcalc\intcalc.sty
Package: intcalc 2019/12/15 v1.3 Expandable calculations with integers (HO)
)
(C:\Users\caiom\AppData\Roaming\MiKTeX\tex/generic/etexcmds\etexcmds.sty
Package: etexcmds 2019/12/15 v1.7 Avoid name clashes with e-TeX commands (HO)
)
\Hy@SavedSpaceFactor=\count277

(C:\Program Files\MiKTeX\tex/latex/hyperref\puenc.def
File: puenc.def 2021-06-05 v7.00l Hyperref: PDF Unicode definition (HO)
Now handling font encoding PU ...
... no UTF-8 mapping file for font encoding PU
)
Package hyperref Info: Option `bookmarks' set `false' on input line 4073.
Package hyperref Info: Hyper figures OFF on input line 4192.
Package hyperref Info: Link nesting OFF on input line 4197.
Package hyperref Info: Hyper index ON on input line 4200.
Package hyperref Info: Plain pages OFF on input line 4207.
Package hyperref Info: Backreferencing OFF on input line 4212.
Package hyperref Info: Implicit mode ON; LaTeX internals redefined.
Package hyperref Info: Bookmarks OFF on input line 4451.
\c@Hy@tempcnt=\count278

(C:\Program Files\MiKTeX\tex/latex/url\url.sty
\Urlmuskip=\muskip17
Package: url 2013/09/16  ver 3.4  Verb mode for urls, etc.
)
LaTeX Info: Redefining \url on input line 4804.
\XeTeXLinkMargin=\dimen173

(C:\Users\caiom\AppData\Roaming\MiKTeX\tex/generic/bitset\bitset.sty
Package: bitset 2019/12/09 v1.3 Handle bit-vector datatype (HO)

(C:\Users\caiom\AppData\Roaming\MiKTeX\tex/generic/bigintcalc\bigintcalc.sty
Package: bigintcalc 2019/12/15 v1.5 Expandable calculations on big integers (HO
)
))
\Fld@menulength=\count279
\Field@Width=\dimen174
\Fld@charsize=\dimen175
Package hyperref Info: Hyper figures OFF on input line 6076.
Package hyperref Info: Link nesting OFF on input line 6081.
Package hyperref Info: Hyper index ON on input line 6084.
Package hyperref Info: backreferencing OFF on input line 6091.
Package hyperref Info: Link coloring OFF on input line 6096.
Package hyperref Info: Link coloring with OCG OFF on input line 6101.
Package hyperref Info: PDF/A mode OFF on input line 6106.
LaTeX Info: Redefining \ref on input line 6146.
LaTeX Info: Redefining \pageref on input line 6150.

(C:\Program Files\MiKTeX\tex/latex/base\atbegshi-ltx.sty
Package: atbegshi-ltx 2021/01/10 v1.0c Emulation of the original atbegshi
package with kernel methods
)
\Hy@abspage=\count280
\c@Item=\count281
\c@Hfootnote=\count282
)
Package hyperref Info: Driver (autodetected): hpdftex.

(C:\Program Files\MiKTeX\tex/latex/hyperref\hpdftex.def
File: hpdftex.def 2021-06-05 v7.00l Hyperref driver for pdfTeX

(C:\Program Files\MiKTeX\tex/latex/base\atveryend-ltx.sty
Package: atveryend-ltx 2020/08/19 v1.0a Emulation of the original atvery packag
e
with kernel methods
)
\Fld@listcount=\count283
\c@bookmark@seq@number=\count284

(C:\Users\caiom\AppData\Roaming\MiKTeX\tex/latex/rerunfilecheck\rerunfilecheck.
sty
Package: rerunfilecheck 2019/12/05 v1.9 Rerun checks for auxiliary files (HO)

(C:\Users\caiom\AppData\Roaming\MiKTeX\tex/generic/uniquecounter\uniquecounter.
sty
Package: uniquecounter 2019/12/15 v1.4 Provide unlimited unique counter (HO)
)
Package uniquecounter Info: New unique counter `rerunfilecheck' on input line 2
86.
)
\Hy@SectionHShift=\skip53
) (C:\Users\caiom\AppData\Roaming\MiKTeX\tex/latex/sttools\stfloats.sty
Package: stfloats 2017/03/27 v3.3 Improve float mechanism and baselineskip sett
ings
\@dblbotnum=\count285
\c@dblbotnumber=\count286
)
(C:\Program Files\MiKTeX\tex/latex/l3backend\l3backend-pdftex.def
File: l3backend-pdftex.def 2021-05-07 L3 backend support: PDF output (pdfTeX)
\l__color_backend_stack_int=\count287
\l__pdf_internal_box=\box54
)
(pscc2022_template_revAmauri.aux)
\openout1 = `pscc2022_template_revAmauri.aux'.

LaTeX Font Info:    Checking defaults for OML/cmm/m/it on input line 305.
LaTeX Font Info:    ... okay on input line 305.
LaTeX Font Info:    Checking defaults for OMS/cmsy/m/n on input line 305.
LaTeX Font Info:    ... okay on input line 305.
LaTeX Font Info:    Checking defaults for OT1/cmr/m/n on input line 305.
LaTeX Font Info:    ... okay on input line 305.
LaTeX Font Info:    Checking defaults for T1/cmr/m/n on input line 305.
LaTeX Font Info:    ... okay on input line 305.
LaTeX Font Info:    Checking defaults for TS1/cmr/m/n on input line 305.
LaTeX Font Info:    ... okay on input line 305.
LaTeX Font Info:    Checking defaults for OMX/cmex/m/n on input line 305.
LaTeX Font Info:    ... okay on input line 305.
LaTeX Font Info:    Checking defaults for U/cmr/m/n on input line 305.
LaTeX Font Info:    ... okay on input line 305.
LaTeX Font Info:    Checking defaults for PD1/pdf/m/n on input line 305.
LaTeX Font Info:    ... okay on input line 305.
LaTeX Font Info:    Checking defaults for PU/pdf/m/n on input line 305.
LaTeX Font Info:    ... okay on input line 305.

-- Lines per column: 56 (exact).
(C:\Program Files\MiKTeX\tex/context/base/mkii\supp-pdf.mkii
[Loading MPS to PDF converter (version 2006.09.02).]
\scratchcounter=\count288
\scratchdimen=\dimen176
\scratchbox=\box55
\nofMPsegments=\count289
\nofMParguments=\count290
\everyMPshowfont=\toks23
\MPscratchCnt=\count291
\MPscratchDim=\dimen177
\MPnumerator=\count292
\makeMPintoPDFobject=\count293
\everyMPtoPDFconversion=\toks24
) (C:\Program Files\MiKTeX\tex/latex/epstopdf-pkg\epstopdf-base.sty
Package: epstopdf-base 2020-01-24 v2.11 Base part for package epstopdf
Package epstopdf-base Info: Redefining graphics rule for `.eps' on input line 4
85.

(C:\Program Files\MiKTeX\tex/latex/00miktex\epstopdf-sys.cfg
File: epstopdf-sys.cfg 2021/03/18 v2.0 Configuration of epstopdf for MiKTeX
))
Package hyperref Info: Link coloring OFF on input line 305.

(C:\Program Files\MiKTeX\tex/latex/hyperref\nameref.sty
Package: nameref 2021-04-02 v2.47 Cross-referencing by name of section

(C:\Users\caiom\AppData\Roaming\MiKTeX\tex/latex/refcount\refcount.sty
Package: refcount 2019/12/15 v3.6 Data extraction from label references (HO)
)
(C:\Users\caiom\AppData\Roaming\MiKTeX\tex/generic/gettitlestring\gettitlestrin
g.sty
Package: gettitlestring 2019/12/15 v1.6 Cleanup title references (HO)
)
\c@section@level=\count294
)
LaTeX Info: Redefining \ref on input line 305.
LaTeX Info: Redefining \pageref on input line 305.
LaTeX Info: Redefining \nameref on input line 305.
LaTeX Font Info:    Calculating math sizes for size <11> on input line 349.
LaTeX Font Info:    External font `cmex10' loaded for size
(Font)              <11> on input line 349.
LaTeX Font Info:    External font `cmex10' loaded for size
(Font)              <7.69997> on input line 349.
LaTeX Font Info:    External font `cmex10' loaded for size
(Font)              <5.5> on input line 349.
LaTeX Font Info:    External font `cmex10' loaded for size
(Font)              <8> on input line 349.
LaTeX Font Info:    External font `cmex10' loaded for size
(Font)              <6> on input line 349.
LaTeX Font Info:    External font `cmex10' loaded for size
(Font)              <5> on input line 349.
LaTeX Font Info:    Trying to load font information for OMS+ptm on input line 3
49.
 (C:\Users\caiom\AppData\Roaming\MiKTeX\tex/latex/psnfss\omsptm.fd
File: omsptm.fd 
)
LaTeX Font Info:    Font shape `OMS/ptm/m/n' in size <10> not available
(Font)              Font shape `OMS/cmsy/m/n' tried instead on input line 349.
LaTeX Font Info:    External font `cmex10' loaded for size
(Font)              <7> on input line 349.
<PSCC_logo.png, id=13, 416.55624pt x 415.5525pt>
File: PSCC_logo.png Graphic file (type png)
<use PSCC_logo.png>
Package pdftex.def Info: PSCC_logo.png  used on input line 393.
(pdftex.def)             Requested size: 24.9923pt x 24.93207pt.
LaTeX Font Info:    External font `cmex10' loaded for size
(Font)              <9> on input line 393.

[1{C:/Users/caiom/AppData/Local/MiKTeX/pdftex/config/pdftex.map}


 <./PSCC_logo.png>]
<./fig/induc_coup2.pdf, id=35, 355.56839pt x 298.716pt>
File: ./fig/induc_coup2.pdf Graphic file (type pdf)
<use ./fig/induc_coup2.pdf>
Package pdftex.def Info: ./fig/induc_coup2.pdf  used on input line 398.
(pdftex.def)             Requested size: 252.0pt x 211.70695pt.
<./fig/multilayered_soil2.pdf, id=46, 469.755pt x 374.39874pt>
File: ./fig/multilayered_soil2.pdf Graphic file (type pdf)
<use ./fig/multilayered_soil2.pdf>
Package pdftex.def Info: ./fig/multilayered_soil2.pdf  used on input line 433.
(pdftex.def)             Requested size: 252.0pt x 200.84692pt.
File: PSCC_logo.png Graphic file (type png)
<use PSCC_logo.png>
Package pdftex.def Info: PSCC_logo.png  used on input line 453.
(pdftex.def)             Requested size: 24.9923pt x 24.93207pt.
 [2 <./fig/induc_coup2.pdf> <./fig/multilayered_soil2.pdf>]
Underfull \hbox (badness 1888) in paragraph at lines 490--491
[]\OT1/ptm/m/n/10 The same ex-pres-sions are used to com-pute the self
 []

<./fig/condu_coup2.pdf, id=197, 469.755pt x 374.39874pt>
File: ./fig/condu_coup2.pdf Graphic file (type pdf)
<use ./fig/condu_coup2.pdf>
Package pdftex.def Info: ./fig/condu_coup2.pdf  used on input line 502.
(pdftex.def)             Requested size: 252.0pt x 200.84692pt.
<./fig/green_nla2.pdf, id=199, 469.755pt x 374.39874pt>
File: ./fig/green_nla2.pdf Graphic file (type pdf)
<use ./fig/green_nla2.pdf>
Package pdftex.def Info: ./fig/green_nla2.pdf  used on input line 520.
(pdftex.def)             Requested size: 252.0pt x 200.84692pt.
File: PSCC_logo.png Graphic file (type png)
<use PSCC_logo.png>
Package pdftex.def Info: PSCC_logo.png  used on input line 550.
(pdftex.def)             Requested size: 24.9923pt x 24.93207pt.
[3 <./fig/condu_coup2.pdf>]
<./fig/right-of-way2.pdf, id=267, 845.1575pt x 597.45204pt>
File: ./fig/right-of-way2.pdf Graphic file (type pdf)
<use ./fig/right-of-way2.pdf>
Package pdftex.def Info: ./fig/right-of-way2.pdf  used on input line 578.
(pdftex.def)             Requested size: 252.0pt x 178.14302pt.
<./fig/mutual_impedance2.pdf, id=268, 312.92911pt x 270.2898pt>
File: ./fig/mutual_impedance2.pdf Graphic file (type pdf)
<use ./fig/mutual_impedance2.pdf>
Package pdftex.def Info: ./fig/mutual_impedance2.pdf  used on input line 586.
(pdftex.def)             Requested size: 252.0pt x 217.66325pt.


LaTeX Warning: `h' float specifier changed to `ht'.

File: PSCC_logo.png Graphic file (type png)
<use PSCC_logo.png>
Package pdftex.def Info: PSCC_logo.png  used on input line 634.
(pdftex.def)             Requested size: 24.9923pt x 24.93207pt.
[4 <./fig/green_nla2.pdf> <./fig/right-of-way2.pdf, page is rotated 90 degrees>
]
<./fig/NL_circuit2.pdf, id=407, 298.716pt x 130.8087pt>
File: ./fig/NL_circuit2.pdf Graphic file (type pdf)
<use ./fig/NL_circuit2.pdf>
Package pdftex.def Info: ./fig/NL_circuit2.pdf  used on input line 637.
(pdftex.def)             Requested size: 252.0pt x 110.35558pt.
<./fig/NL_voltage2.pdf, id=410, 500.87125pt x 279.0425pt>
File: ./fig/NL_voltage2.pdf Graphic file (type pdf)
<use ./fig/NL_voltage2.pdf>
Package pdftex.def Info: ./fig/NL_voltage2.pdf  used on input line 649.
(pdftex.def)             Requested size: 252.0pt x 140.39375pt.
<./fig/Fault_circuit2.pdf, id=413, 312.92911pt x 170.67764pt>
File: ./fig/Fault_circuit2.pdf Graphic file (type pdf)
<use ./fig/Fault_circuit2.pdf>
Package pdftex.def Info: ./fig/Fault_circuit2.pdf  used on input line 672.
(pdftex.def)             Requested size: 252.0pt x 137.44597pt.
File: PSCC_logo.png Graphic file (type png)
<use PSCC_logo.png>
Package pdftex.def Info: PSCC_logo.png  used on input line 683.
(pdftex.def)             Requested size: 24.9923pt x 24.93207pt.
 [5 <./fig/mutual_impedance2.pdf> <./fig/NL_circuit2.pdf> <./fig/NL_voltage2.pd
f>]
<./fig/Fault_voltage2.pdf, id=516, 500.87125pt x 556.0775pt>
File: ./fig/Fault_voltage2.pdf Graphic file (type pdf)
<use ./fig/Fault_voltage2.pdf>
Package pdftex.def Info: ./fig/Fault_voltage2.pdf  used on input line 686.
(pdftex.def)             Requested size: 252.0pt x 279.7775pt.
<./fig/Fault_current2.pdf, id=521, 500.87125pt x 417.56pt>
File: ./fig/Fault_current2.pdf Graphic file (type pdf)
<use ./fig/Fault_current2.pdf>
Package pdftex.def Info: ./fig/Fault_current2.pdf  used on input line 700.
(pdftex.def)             Requested size: 252.0pt x 210.08562pt.
<./fig/Mit_voltage2.pdf, id=524, 500.87125pt x 556.0775pt>
File: ./fig/Mit_voltage2.pdf Graphic file (type pdf)
<use ./fig/Mit_voltage2.pdf>
Package pdftex.def Info: ./fig/Mit_voltage2.pdf  used on input line 714.
(pdftex.def)             Requested size: 252.0pt x 279.7775pt.
File: PSCC_logo.png Graphic file (type png)
<use PSCC_logo.png>
Package pdftex.def Info: PSCC_logo.png  used on input line 723.
(pdftex.def)             Requested size: 24.9923pt x 24.93207pt.
 [6 <./fig/Fault_circuit2.pdf> <./fig/Fault_voltage2.pdf> <./fig/Fault_current2
.pdf>] (pscc2022_template_revAmauri.bbl
Underfull \hbox (badness 10000) in paragraph at lines 73--78
\OT1/ptm/m/n/8 / / www . researchgate . net / publication / 342916469[]Realisti
c[]Modeling[]of[]
 []

)

** Conference Paper **
Before submitting the final camera ready copy, remember to:

 1. Manually equalize the lengths of two columns on the last page
 of your paper;

 2. Ensure that any PostScript and/or PDF output post-processing
 uses only Type 1 fonts and that every step in the generation
 process uses the appropriate paper size.

File: PSCC_logo.png Graphic file (type png)
<use PSCC_logo.png>
Package pdftex.def Info: PSCC_logo.png  used on input line 742.
(pdftex.def)             Requested size: 24.9923pt x 24.93207pt.
[7 <./fig/Mit_voltage2.pdf>] (pscc2022_template_revAmauri.aux) ) 
Here is how much of TeX's memory you used:
 9979 strings out of 478864
 151295 string characters out of 2858517
 485378 words of memory out of 3000000
 27689 multiletter control sequences out of 15000+600000
 446350 words of font info for 104 fonts, out of 8000000 for 9000
 1144 hyphenation exceptions out of 8191
 60i,14n,66p,1089b,376s stack positions out of 5000i,500n,10000p,200000b,80000s
{C:/Program Fil
es/MiKTeX/fonts/enc/dvips/base/8r.enc}<C:/Program Files/MiKTeX/fonts/type1/publ
ic/amsfonts/cm/cmbx8.pfb><C:/Program Files/MiKTeX/fonts/type1/public/amsfonts/c
m/cmex10.pfb><C:/Program Files/MiKTeX/fonts/type1/public/amsfonts/cm/cmmi10.pfb
><C:/Program Files/MiKTeX/fonts/type1/public/amsfonts/cm/cmmi5.pfb><C:/Program 
Files/MiKTeX/fonts/type1/public/amsfonts/cm/cmmi6.pfb><C:/Program Files/MiKTeX/
fonts/type1/public/amsfonts/cm/cmmi7.pfb><C:/Program Files/MiKTeX/fonts/type1/p
ublic/amsfonts/cm/cmmi8.pfb><C:/Program Files/MiKTeX/fonts/type1/public/amsfont
s/cmextra/cmmib6.pfb><C:/Program Files/MiKTeX/fonts/type1/public/amsfonts/cmext
ra/cmmib8.pfb><C:/Program Files/MiKTeX/fonts/type1/public/amsfonts/cm/cmr10.pfb
><C:/Program Files/MiKTeX/fonts/type1/public/amsfonts/cm/cmr5.pfb><C:/Program F
iles/MiKTeX/fonts/type1/public/amsfonts/cm/cmr7.pfb><C:/Program Files/MiKTeX/fo
nts/type1/public/amsfonts/cm/cmsy10.pfb><C:/Program Files/MiKTeX/fonts/type1/pu
blic/amsfonts/cm/cmsy5.pfb><C:/Program Files/MiKTeX/fonts/type1/public/amsfonts
/cm/cmsy7.pfb><C:/Program Files/MiKTeX/fonts/type1/public/amsfonts/cm/cmsy8.pfb
><C:/Program Files/MiKTeX/fonts/type1/urw/times/utmb8a.pfb><C:/Program Files/Mi
KTeX/fonts/type1/urw/times/utmbi8a.pfb><C:/Program Files/MiKTeX/fonts/type1/urw
/times/utmr8a.pfb><C:/Program Files/MiKTeX/fonts/type1/urw/times/utmri8a.pfb>
Output written on pscc2022_template_revAmauri.pdf (7 pages, 1701590 bytes).
PDF statistics:
 716 PDF objects out of 1000 (max. 8388607)
 72 named destinations out of 1000 (max. 500000)
 66 words of extra memory for PDF output out of 10000 (max. 10000000)

